<?xml version="1.0" encoding="UTF-8"?>
<!-- Generated by org.testng.reporters.JUnitReportReporter -->
<testsuite skipped="0" hostname="ArvindSah" name="com.company.tests.PurchasePageTest" tests="4" failures="0" timestamp="23 Jan 2021 14:18:18 GMT" time="0.032" errors="0">
  <testcase name="CheckSelectedDetailsMatch" time="0.016" classname="com.company.tests.PurchasePageTest"/>
  <testcase name="checkUserAbleToSelectRememberMeOption" time="0.000" classname="com.company.tests.PurchasePageTest"/>
  <testcase name="checkTotalCostOfFlight" time="0.008" classname="com.company.tests.PurchasePageTest"/>
  <testcase name="checkUserAbleToEnterAllValues" time="0.008" classname="com.company.tests.PurchasePageTest"/>
</testsuite> <!-- com.company.tests.PurchasePageTest -->
